Mon Sep  8 16:54:31 EDT 2025
diff.astextplain.textconv=astextplain
filter.lfs.clean=git-lfs clean -- %f
filter.lfs.smudge=git-lfs smudge -- %f
filter.lfs.process=git-lfs filter-process
filter.lfs.required=true
http.sslbackend=openssl
http.sslcainfo=C:/Program Files/Git/mingw64/etc/ssl/certs/ca-bundle.crt
core.autocrlf=true
core.fscache=true
core.symlinks=false
pull.rebase=false
credential.helper=manager
credential.https://dev.azure.com.usehttppath=true
init.defaultbranch=main
user.email=jace.henderson@snhu.edu
user.name=jace henderson
filter.lfs.clean=git-lfs clean -- %f
filter.lfs.smudge=git-lfs smudge -- %f
filter.lfs.process=git-lfs filter-process
filter.lfs.required=true
core.editor="C:\Users\jehen\AppData\Local\Programs\Microsoft VS Code\bin\code" --wait
init.defaultbranch=main
github.user=jhenderson616
core.repositoryformatversion=0
core.filemode=false
core.bare=false
core.logallrefupdates=true
core.symlinks=false
core.ignorecase=true
remote.origin.url=https://github.com/jhenderson616/cs465-lab0.git
remote.origin.fetch=+refs/heads/*:refs/remotes/origin/*
branch.main.remote=origin
branch.main.merge=refs/heads/main
---
1.99.3
17baf841131aa23349f217ca7c570c76ee87b957
x64
---
11.5.1
---
https://cs465-lab0-idmo.onrender.com/
